<?xml version="1.0" encoding="UTF-8"?>
<testsuite xmlns:xsi="http://www.w3.org/2001/XMLSchema-instance" xsi:noNamespaceSchemaLocation="https://maven.apache.org/surefire/maven-surefire-plugin/xsd/surefire-test-report.xsd" name="projetS3Voyageur.StatsAlgos.TestAnalyser" time="31.359" tests="1" errors="0" skipped="0" failures="1">
  <properties>
[...]
</properties>
  <testcase name="test_temps_execution_moyen" classname="projetS3Voyageur.StatsAlgos.TestAnalyser" time="30.638">
    <failure type="java.lang.AssertionError">java.lang.AssertionError
	at projetS3Voyageur.StatsAlgos.TestAnalyser.test_temps_execution_moyen(TestAnalyser.java:28)
</failure>
  </testcase>
</testsuite>