<?xml version="1.0" encoding="UTF-8" ?>
<testsuite tests="20" failures="0" name="projetS3Voyageur.ModesDeRecherches.TestBrutForceV3" time="0.496" errors="0" skipped="0">
  <properties>
[...]
</properties>
  <testcase classname="projetS3Voyageur.ModesDeRecherches.TestBrutForceV3" name="test_distanceLinaireSurX_distanceLinaireSurX_ParcourOptimum_Pour_4villes" time="0"/>
  <testcase classname="projetS3Voyageur.ModesDeRecherches.TestBrutForceV3" name="test_10villes_comparaisons_brutForce" time="0"/>
  <testcase classname="projetS3Voyageur.ModesDeRecherches.TestBrutForceV3" name="test_11villes_comparaisons_brutForce" time="0.484"/>
  <testcase classname="projetS3Voyageur.ModesDeRecherches.TestBrutForceV3" name="test_EXTREME_distanceLinaireSurY_ParcourOptimum_Pour_6villes_on_connais_la_distance_en_avance" time="0.003"/>
  <testcase classname="projetS3Voyageur.ModesDeRecherches.TestBrutForceV3" name="test_si_les_villes_ont_des_positions_random" time="0"/>
  <testcase classname="projetS3Voyageur.ModesDeRecherches.TestBrutForceV3" name="test_distanceLinaireSurX_ParcourOptimum_Pour_6villes_desorde" time="0.001"/>
  <testcase classname="projetS3Voyageur.ModesDeRecherches.TestBrutForceV3" name="test_distanceLinaireSurY_ParcourOptimum_Pour_6villes_distance_linaire" time="0"/>
  <testcase classname="projetS3Voyageur.ModesDeRecherches.TestBrutForceV3" name="test_distanceLinaireSurY_ParcourOptimum_Pour_6villes_desorde" time="0"/>
  <testcase classname="projetS3Voyageur.ModesDeRecherches.TestBrutForceV3" name="test_distanceLinaireSurY_ParcourOptimum_Pour_4villes" time="0.001"/>
  <testcase classname="projetS3Voyageur.ModesDeRecherches.TestBrutForceV3" name="test_distanceLinaireSurX_ParcourOptimum_Pour_5villes" time="0"/>
  <testcase classname="projetS3Voyageur.ModesDeRecherches.TestBrutForceV3" name="test_4villes_comparaisons_brutForce" time="0"/>
  <testcase classname="projetS3Voyageur.ModesDeRecherches.TestBrutForceV3" name="test_5villes_comparaisons_brutForce" time="0"/>
  <testcase classname="projetS3Voyageur.ModesDeRecherches.TestBrutForceV3" name="test_6villes_comparaisons_brutForce" time="0"/>
  <testcase classname="projetS3Voyageur.ModesDeRecherches.TestBrutForceV3" name="test_7villes_comparaisons_brutForce" time="0"/>
  <testcase classname="projetS3Voyageur.ModesDeRecherches.TestBrutForceV3" name="test_8villes_comparaisons_brutForce" time="0.001"/>
  <testcase classname="projetS3Voyageur.ModesDeRecherches.TestBrutForceV3" name="test_9villes_comparaisons_brutForce" time="0.004"/>
  <testcase classname="projetS3Voyageur.ModesDeRecherches.TestBrutForceV3" name="test_distanceLinaireSurX_ParcourOptimum_Pour_6villes_distance_linaire" time="0"/>
  <testcase classname="projetS3Voyageur.ModesDeRecherches.TestBrutForceV3" name="test_distanceLinaireSurY_ParcourOptimum_Pour_5villes" time="0"/>
  <testcase classname="projetS3Voyageur.ModesDeRecherches.TestBrutForceV3" name="test_distanceLinaireSurY_ParcourOptimum_Pour_6villes" time="0"/>
  <testcase classname="projetS3Voyageur.ModesDeRecherches.TestBrutForceV3" name="test_EXTREME_distanceLinaireSurX_ParcourOptimum_Pour_6villes" time="0.002"/>
</testsuite>